Log file open, 06/15/17 16:58:22
LogInit:Display: Running engine for game: ZeldaRevolution
LogPlatformFile: Not using cached read wrapper
LogInit:Display: RandInit(1607315021) SRandInit(1607315027).
LogTaskGraph: Started task graph with 5 named threads and 8 total threads with 1 sets of task threads.
LogStats: Stats thread started at 0.112299
LogInit: Using libcurl 7.47.1
LogInit:  - built for x86_64-pc-win32
LogInit:  - supports SSL with OpenSSL/1.0.2g
LogInit:  - supports HTTP deflate (compression) using libz 1.2.8
LogInit:  - other features:
LogInit:      CURL_VERSION_SSL
LogInit:      CURL_VERSION_LIBZ
LogInit:      CURL_VERSION_IPV6
LogInit:      CURL_VERSION_ASYNCHDNS
LogInit:      CURL_VERSION_LARGEFILE
LogInit:      CURL_VERSION_IDN
LogInit:  CurlRequestOptions (configurable via config and command line):
LogInit:  - bVerifyPeer = false  - Libcurl will NOT verify peer certificate
LogInit:  - bUseHttpProxy = false  - Libcurl will NOT use HTTP proxy
LogInit:  - bDontReuseConnections = false  - Libcurl will reuse connections
LogInit:  - CertBundlePath = nullptr  - Libcurl will use whatever was configured at build time.
LogInit: Build: ++UE4+Release-4.16-CL-3466753
LogInit: Engine Version: 4.16.1-3466753+++UE4+Release-4.16
LogInit: Compatible Engine Version: 4.16.0-3452394+++UE4+Release-4.16
LogInit: Net CL: 3452394
LogDevObjectVersion: Number of dev versions registered: 16
LogDevObjectVersion:   Dev-Blueprints (B0D832E4-1F89-4F0D-ACCF-7EB736FD4AA2): 9
LogDevObjectVersion:   Dev-Build (E1C64328-A22C-4D53-A36C-8E866417BD8C): 0
LogDevObjectVersion:   Dev-Core (375EC13C-06E4-48FB-B500-84F0262A717E): 2
LogDevObjectVersion:   Dev-Editor (E4B068ED-F494-42E9-A231-DA0B2E46BB41): 17
LogDevObjectVersion:   Dev-Framework (CFFC743F-43B0-4480-9391-14DF171D2073): 23
LogDevObjectVersion:   Dev-Mobile (B02B49B5-BB20-44E9-A304-32B752E40360): 0
LogDevObjectVersion:   Dev-Networking (A4E4105C-59A1-49B5-A7C5-40C4547EDFEE): 0
LogDevObjectVersion:   Dev-Online (39C831C9-5AE6-47DC-9A44-9C173E1C8E7C): 0
LogDevObjectVersion:   Dev-Physics (78F01B33-EBEA-4F98-B9B4-84EACCB95AA2): 0
LogDevObjectVersion:   Dev-Platform (6631380F-2D4D-43E0-8009-CF276956A95A): 0
LogDevObjectVersion:   Dev-Rendering (12F88B9F-8875-4AFC-A67C-D90C383ABD29): 15
LogDevObjectVersion:   Dev-Sequencer (7B5AE74C-D270-4C10-A958-57980B212A5A): 4
LogDevObjectVersion:   Dev-VR (D7296918-1DD6-4BDD-9DE2-64A83CC13884): 0
LogDevObjectVersion:   Dev-LoadTimes (C2A15278-BFE7-4AFE-6C17-90FF531DF755): 1
LogDevObjectVersion:   Private-Geometry (6EACA3D4-40EC-4CC1-B786-8BED09428FC5): 1
LogDevObjectVersion:   Dev-AnimPhys (29E575DD-E0A3-4627-9D10-D276232CDCEA): 3
LogInit: Compiled (64-bit): May 31 2017 02:03:30
LogInit: Compiled with Visual C++: 19.00.24215.01
LogInit: Build Configuration: Development
LogInit: Branch Name: ++UE4+Release-4.16
LogInit: Command line:  
LogInit: Base directory: G:/UE/UE_4.16/Engine/Binaries/Win64/
LogInit: Installed Engine Build: 1
LogInit: Presizing for max 8388607 objects, including 0 objects not considered by GC, pre-allocating 0 bytes for permanent pool.
LogInit: Object subsystem initialized
[2017.06.15-14.58.23:223][  0]LogInit: Selected Device Profile: [Windows]
[2017.06.15-14.58.23:223][  0]LogInit: Applying CVar settings loaded from the selected device profile: [Windows]
[2017.06.15-14.58.23:268][  0]LogInit: Computer: THEBEN
[2017.06.15-14.58.23:268][  0]LogInit: User: Ptolemaios
[2017.06.15-14.58.23:268][  0]LogInit: CPU Page size=4096, Cores=4
[2017.06.15-14.58.23:268][  0]LogInit: High frequency timer resolution =3.579545 MHz
[2017.06.15-14.58.23:269][  0]LogMemory: Memory total: Physical=8.0GB (8GB approx)
[2017.06.15-14.58.23:269][  0]LogMemory: Platform Memory Stats for Windows
[2017.06.15-14.58.23:269][  0]LogMemory: Process Physical Memory: 272.59 MB used, 272.59 MB peak
[2017.06.15-14.58.23:269][  0]LogMemory: Process Virtual Memory: 258.99 MB used, 258.99 MB peak
[2017.06.15-14.58.23:269][  0]LogMemory: Physical Memory: 3254.62 MB used,  4936.62 MB free, 8191.24 MB total
[2017.06.15-14.58.23:269][  0]LogMemory: Virtual Memory: 635.58 MB used,  4936.62 MB free, 134217728.00 MB total
[2017.06.15-14.58.23:652][  0]LogInit: Using OS detected language (de-DE).
[2017.06.15-14.58.23:652][  0]LogInit: Using OS detected locale (de-DE).
[2017.06.15-14.58.23:785][  0]LogTextLocalizationManager: No localization for 'de-DE' exists, so 'en' will be used for the language.
[2017.06.15-14.58.23:785][  0]LogTextLocalizationManager: No localization for 'de-DE' exists, so 'en' will be used for the locale.
[2017.06.15-14.58.26:650][  0]LogD3D11RHI: D3D11 adapters:
[2017.06.15-14.58.26:719][  0]LogD3D11RHI:    0. 'NVIDIA GeForce GTX 950' (Feature Level 11_0)
[2017.06.15-14.58.26:719][  0]LogD3D11RHI:       2017/0/4095 MB DedicatedVideo/DedicatedSystem/SharedSystem, Outputs:1, VendorId:0x10de
[2017.06.15-14.58.26:722][  0]LogD3D11RHI:    1. 'Microsoft Basic Render Driver' (Feature Level 11_0)
[2017.06.15-14.58.26:722][  0]LogD3D11RHI:       0/0/4095 MB DedicatedVideo/DedicatedSystem/SharedSystem, Outputs:0, VendorId:0x1414
[2017.06.15-14.58.26:722][  0]LogD3D11RHI: Chosen D3D11 Adapter: 0
[2017.06.15-14.58.26:729][  0]LogD3D11RHI: Creating new Direct3DDevice
[2017.06.15-14.58.26:729][  0]LogD3D11RHI:     GPU DeviceId: 0x1402 (for the marketing name, search the web for "GPU Device Id")
[2017.06.15-14.58.26:729][  0]LogWindows: EnumDisplayDevices:
[2017.06.15-14.58.26:730][  0]LogWindows:    0. 'NVIDIA GeForce GTX 950' (P:1 D:1)
[2017.06.15-14.58.26:730][  0]LogWindows:    1. 'NVIDIA GeForce GTX 950' (P:0 D:0)
[2017.06.15-14.58.26:730][  0]LogWindows:    2. 'NVIDIA GeForce GTX 950' (P:0 D:0)
[2017.06.15-14.58.26:730][  0]LogWindows:    3. 'NVIDIA GeForce GTX 950' (P:0 D:0)
[2017.06.15-14.58.26:731][  0]LogWindows: DebugString: FoundDriverCount:4 
[2017.06.15-14.58.26:731][  0]LogD3D11RHI:     Adapter Name: NVIDIA GeForce GTX 950
[2017.06.15-14.58.26:731][  0]LogD3D11RHI:   Driver Version: 382.05 (internal:22.21.13.8205, unified:382.05)
[2017.06.15-14.58.26:731][  0]LogD3D11RHI:      Driver Date: 5-1-2017
[2017.06.15-14.58.26:731][  0]LogRHI: Texture pool is 1361 MB (70% of 1945 MB)
[2017.06.15-14.58.26:769][  0]LogD3D11RHI: Async texture creation enabled
[2017.06.15-14.58.26:784][  0]LogD3D11RHI: GPU Timing Frequency: 1000.000000 (Debug: 2 1)
[2017.06.15-14.58.26:786][  0]LogShaderCompilers: Guid format shader working directory is -1 characters bigger than the processId version (C:/Users/Ptolemaios/Documents/GitHub/ZeldaRevolution/Intermediate/Shaders/WorkingDirectory/9048/).
[2017.06.15-14.58.26:787][  0]LogShaderCompilers: Cleaned the shader compiler working directory 'C:/Users/Ptolemaios/AppData/Local/Temp/UnrealShaderWorkingDir/B50CB1B648566305575C57844058FBBA/'.
[2017.06.15-14.58.26:787][  0]LogShaderCompilers:Display: Using Local Shader Compiler.
[2017.06.15-14.58.30:754][  0]LogTemp:Display: Loaded TP AllDesktopTargetPlatform
[2017.06.15-14.58.30:838][  0]LogTemp:Display: Loaded TP MacClientTargetPlatform
[2017.06.15-14.58.30:919][  0]LogTemp:Display: Loaded TP MacNoEditorTargetPlatform
[2017.06.15-14.58.30:996][  0]LogTemp:Display: Loaded TP MacServerTargetPlatform
[2017.06.15-14.58.31:087][  0]LogTemp:Display: Loaded TP MacTargetPlatform
[2017.06.15-14.58.31:165][  0]LogTemp:Display: Loaded TP WindowsClientTargetPlatform
[2017.06.15-14.58.31:250][  0]LogTemp:Display: Loaded TP WindowsNoEditorTargetPlatform
[2017.06.15-14.58.31:336][  0]LogTemp:Display: Loaded TP WindowsServerTargetPlatform
[2017.06.15-14.58.31:430][  0]LogTemp:Display: Loaded TP WindowsTargetPlatform
[2017.06.15-14.58.31:528][  0]LogTemp:Display: Loaded TP AndroidTargetPlatform
[2017.06.15-14.58.31:610][  0]LogTemp:Display: Loaded TP Android_ASTCTargetPlatform
[2017.06.15-14.58.31:694][  0]LogTemp:Display: Loaded TP Android_ATCTargetPlatform
[2017.06.15-14.58.31:775][  0]LogTemp:Display: Loaded TP Android_DXTTargetPlatform
[2017.06.15-14.58.31:849][  0]LogTemp:Display: Loaded TP Android_ETC1TargetPlatform
[2017.06.15-14.58.31:921][  0]LogTemp:Display: Loaded TP Android_ETC2TargetPlatform
[2017.06.15-14.58.32:079][  0]LogTemp:Display: Loaded TP Android_MultiTargetPlatform
[2017.06.15-14.58.32:079][  0]LogTemp:Display: Loaded TP Android_PVRTCTargetPlatform
[2017.06.15-14.58.32:143][  0]LogTemp:Display: Loaded TP HTML5TargetPlatform
[2017.06.15-14.58.32:328][  0]LogTemp:Display: Loaded TP IOSTargetPlatform
[2017.06.15-14.58.32:381][  0]LogTemp:Display: Loaded TP TVOSTargetPlatform
[2017.06.15-14.58.32:462][  0]LogTemp:Display: Loaded TP LinuxClientTargetPlatform
[2017.06.15-14.58.32:537][  0]LogTemp:Display: Loaded TP LinuxNoEditorTargetPlatform
[2017.06.15-14.58.32:612][  0]LogTemp:Display: Loaded TP LinuxServerTargetPlatform
[2017.06.15-14.58.32:695][  0]LogTemp:Display: Loaded TP LinuxTargetPlatform
[2017.06.15-14.58.32:695][  0]LogTargetPlatformManager:Display: Building Assets For Windows
[2017.06.15-14.58.33:774][  0]LogDerivedDataCache:Display: Max Cache Size: 512 MB
[2017.06.15-14.58.35:212][  0]LogDerivedDataCache: Loaded boot cache 1.44s 90MB C:/Users/Ptolemaios/AppData/Local/UnrealEngine/4.16/DerivedDataCache/Boot.ddc.
[2017.06.15-14.58.35:212][  0]LogDerivedDataCache:Display: Loaded Boot cache: C:/Users/Ptolemaios/AppData/Local/UnrealEngine/4.16/DerivedDataCache/Boot.ddc
[2017.06.15-14.58.35:212][  0]LogDerivedDataCache: FDerivedDataBackendGraph:  Pak pak cache file C:/Users/Ptolemaios/Documents/GitHub/ZeldaRevolution/DerivedDataCache/DDC.ddp not found, will not use a pak cache.
[2017.06.15-14.58.35:212][  0]LogDerivedDataCache: Unable to find inner node Pak for hierarchical cache Hierarchy.
[2017.06.15-14.58.35:212][  0]LogDerivedDataCache: FDerivedDataBackendGraph:  CompressedPak pak cache file C:/Users/Ptolemaios/Documents/GitHub/ZeldaRevolution/DerivedDataCache/Compressed.ddp not found, will not use a pak cache.
[2017.06.15-14.58.35:212][  0]LogDerivedDataCache: Unable to find inner node CompressedPak for hierarchical cache Hierarchy.
[2017.06.15-14.58.35:254][  0]LogDerivedDataCache:Display: Pak cache opened for reading ../../../Engine/DerivedDataCache/Compressed.ddp.
[2017.06.15-14.58.35:267][  0]LogDerivedDataCache: Using Local data cache path C:/Users/Ptolemaios/AppData/Local/UnrealEngine/Common/DerivedDataCache: Writable
[2017.06.15-14.58.35:286][  0]LogMaterial: Verifying Global Shaders for PCD3D_SM5
[2017.06.15-14.58.35:287][  0]LogSlate: Using Freetype 2.6.0
[2017.06.15-14.58.35:311][  0]LogSlate: SlateFontCache - WITH_FREETYPE: 1, WITH_HARFBUZZ: 1
[2017.06.15-14.58.35:311][  0]LogSlate: SlateFontCache - WITH_FREETYPE: 1, WITH_HARFBUZZ: 1
[2017.06.15-14.58.38:766][  0]LogInit: Selected Device Profile: [Windows]
[2017.06.15-14.58.38:991][  0]LogContentStreaming: Texture pool size is 0.00 MB
[2017.06.15-14.58.39:310][  0]LogMeshUtilities: Using QuadricMeshReduction for automatic static mesh reduction
[2017.06.15-14.58.39:405][  0]LogSimplygon: Simplygon DLL not present - disabling.
[2017.06.15-14.58.39:483][  0]LogMeshUtilities: Using SimplygonSwarm for distributed automatic mesh merging
[2017.06.15-14.58.39:483][  0]LogMeshUtilities: No automatic skeletal mesh reduction module available
[2017.06.15-14.58.39:483][  0]LogMeshUtilities: No automatic mesh merging module available
[2017.06.15-14.58.40:813][  0]LogNetVersion: ZeldaRevolution , NetCL: 3452394, EngineNetVer: 2, GameNetVer: 0 (Checksum: 2036025543)
[2017.06.15-14.58.40:960][  0]LogAssetRegistry: FAssetRegistry took 0.0290 seconds to start up
[2017.06.15-14.58.41:043][  0]LogPackageLocalizationCache: Processed 4 localized package path(s) for 1 prioritized culture(s) in 0.050596 seconds
[2017.06.15-14.58.41:056][  0]LogUObjectArray: 34194 objects as part of root set at end of initial load.
[2017.06.15-14.58.41:056][  0]LogUObjectAllocator: 7260424 out of 0 bytes used by permanent object pool.
[2017.06.15-14.58.41:056][  0]LogUObjectArray: CloseDisregardForGC: 0/0 objects in disregard for GC pool
[2017.06.15-14.58.41:163][  0]LogInit: WinSock: version 1.1 (2.2), MaxSocks=32767, MaxUdp=65467
[2017.06.15-14.58.52:362][  0]LogTcpMessaging: Initializing TcpMessaging bridge
[2017.06.15-14.58.52:429][  0]LogUdpMessaging: Initializing bridge on interface 0.0.0.0:0 to multicast group 230.0.0.1:6666.
[2017.06.15-14.58.53:468][  0]LogMaterial: Uniform references updated for custom material expression Custom.
[2017.06.15-14.58.54:075][  0]SourceControl: Info Source control is disabled
[2017.06.15-14.58.54:227][  0]SourceControl: Info Source control is disabled
[2017.06.15-14.58.54:321][  0]SourceControl: Info Source control is disabled
[2017.06.15-14.58.54:399][  0]SourceControl: Info Source control is disabled
[2017.06.15-14.58.55:665][  0]LogAndroidPermission: UAndroidPermissionCallbackProxy::GetInstance
[2017.06.15-14.58.56:646][  0]LogEngine: Initializing Engine...
[2017.06.15-14.58.56:647][  0]LogHMD: Failed to initialize OpenVR with code 110
[2017.06.15-14.58.57:064][  0]LogStats: UGameplayTagsManager::ConstructGameplayTagTree: Construct from data asset -  0.000 s
[2017.06.15-14.58.57:064][  0]LogStats: UGameplayTagsManager::ConstructGameplayTagTree: GameplayTagTreeChangedEvent.Broadcast -  0.000 s
[2017.06.15-14.58.57:262][  0]LogAIModule: Creating AISystem for world Untitled
[2017.06.15-14.58.57:310][  0]LogInit: XAudio2 using 'Lautsprecher (Realtek High Definition Audio)' : 2 channels at 44.1 kHz using 32 bits per sample (channel mask 0x3)
[2017.06.15-14.58.57:409][  0]LogInit: FAudioDevice initialized.
[2017.06.15-14.58.57:506][  0]LogDerivedDataCache: Saved boot cache 0.10s 90MB C:/Users/Ptolemaios/AppData/Local/UnrealEngine/4.16/DerivedDataCache/Boot.ddc.
[2017.06.15-14.58.57:547][  0]LogInit: Texture streaming: Enabled
[2017.06.15-14.58.57:734][  0]LogEngineSessionManager: EngineSessionManager initialized
[2017.06.15-14.58.58:148][  0]LogInit: Transaction tracking system initialized
[2017.06.15-14.58.58:627][  0]BlueprintLog: New page: Editor Load
[2017.06.15-14.59.00:179][  0]LocalizationService: Info Localization service is disabled
[2017.06.15-14.59.01:539][  0]LogConsoleResponse:Display: 
[2017.06.15-14.59.02:500][  0]LogCook:Display: Max memory allowance for cook 16384mb min free memory 0mb
[2017.06.15-14.59.02:500][  0]LogCook:Display: Mobile HDR setting 1
[2017.06.15-14.59.02:603][  0]LogFileCache: Scanning file cache for directory 'C:/Users/Ptolemaios/Documents/GitHub/ZeldaRevolution/Content/' took 0.02s
[2017.06.15-14.59.04:916][  0]SourceControl: Info Source control is disabled
[2017.06.15-14.59.04:916][  0]Cmd: MAP LOAD FILE="C:/Users/Ptolemaios/Documents/GitHub/ZeldaRevolution/Content/Maps/Island.umap" TEMPLATE=0 SHOWPROGRESS=1 FEATURELEVEL=3
[2017.06.15-14.59.04:918][  0]LightingResults: New page: Lighting Build
[2017.06.15-14.59.04:975][  0]MapCheck: New page: Map Check
[2017.06.15-14.59.04:975][  0]LightingResults: New page: Lighting Build
[2017.06.15-14.59.15:560][  0]LogAIModule: Creating AISystem for world Island
[2017.06.15-14.59.15:607][  0]LogEditorServer: Finished looking for orphan Actors (0.000 secs)
[2017.06.15-14.59.15:632][  0]Cmd: MAP CHECKDEP NOCLEARLOG
[2017.06.15-14.59.15:731][  0]MapCheck: Info Map check complete: 0 Error(s), 0 Warning(s), took 99.583ms to complete.
[2017.06.15-14.59.15:732][  0]LogFileHelpers: Loading map 'Island' took 10.815
[2017.06.15-14.59.16:038][  0]LogCollectionManager: Loaded 0 collections in 0.001586 seconds
[2017.06.15-14.59.16:135][  0]LogFileCache: Scanning file cache for directory 'C:/Users/Ptolemaios/Documents/GitHub/ZeldaRevolution/Saved/Collections/' took 0.01s
[2017.06.15-14.59.16:135][  0]LogFileCache: Scanning file cache for directory 'C:/Users/Ptolemaios/Documents/GitHub/ZeldaRevolution/Content/Developers/Ptolemaios/Collections/' took 0.01s
[2017.06.15-14.59.16:135][  0]LogFileCache: Scanning file cache for directory 'C:/Users/Ptolemaios/Documents/GitHub/ZeldaRevolution/Content/Collections/' took 0.01s
[2017.06.15-14.59.16:135][  0]LogCollectionManager: Rebuilt the GUID cache for 0 collections in 0.000004 seconds
[2017.06.15-14.59.16:152][  0]LogContentBrowser: Native class hierarchy populated in 0.0161 seconds. Added 2329 classes and 491 folders.
[2017.06.15-14.59.16:241][  0]LogContentBrowser: Native class hierarchy updated for 'WidgetCarousel' in 0.0009 seconds. Added 0 classes and 0 folders.
[2017.06.15-14.59.16:930][  0]LogContentBrowser: Native class hierarchy updated for 'AddContentDialog' in 0.0034 seconds. Added 0 classes and 0 folders.
[2017.06.15-14.59.17:076][  0]LogContentBrowser: Native class hierarchy updated for 'SceneOutliner' in 0.0009 seconds. Added 1 classes and 2 folders.
[2017.06.15-14.59.17:153][  0]LogCrashTracker: Crashtracker disabled due to settings.
[2017.06.15-14.59.17:176][  0]LogSlate: Took 0.015554 seconds to synchronously load lazily loaded font '../../../Engine/Content/Slate/Fonts/Roboto-Regular.ttf' (155K)
[2017.06.15-14.59.17:187][  0]LogSlate: Took 0.008599 seconds to synchronously load lazily loaded font '../../../Engine/Content/Slate/Fonts/Roboto-Bold.ttf' (160K)
[2017.06.15-14.59.17:203][  0]LogSlate: Took 0.008901 seconds to synchronously load lazily loaded font '../../../Engine/Content/Editor/Slate/Fonts/FontAwesome.ttf' (139K)
[2017.06.15-14.59.17:475][  0]LogRenderer: Reallocating scene render targets to support 780x504 NumSamples 1 (Frame:1).
[2017.06.15-14.59.17:710][  0]LogUObjectGlobals:Warning: Failed to find object 'Class None.'
[2017.06.15-14.59.17:814][  0]LogContentBrowser: Native class hierarchy updated for 'HierarchicalLODOutliner' in 0.0013 seconds. Added 1 classes and 2 folders.
[2017.06.15-14.59.17:815][  0]LogLoad: (Engine Initialization) Total time: 58.72 seconds
[2017.06.15-14.59.17:815][  0]LogLoad: (Engine Initialization) Total Blueprint compile time: 0.13 seconds
[2017.06.15-14.59.17:815][  0]LogExternalProfiler: No external profilers were discovered.  External profiling features will not be available.
[2017.06.15-14.59.18:163][  0]LogOcInput: OculusInput pre-init called
[2017.06.15-14.59.18:163][  0]LogHMD: Starting GearVRController plugin
[2017.06.15-14.59.18:196][  0]LogContentStreaming: Texture pool size now 1000 MB
[2017.06.15-14.59.18:347][  0]LogSlate: Took 0.010460 seconds to synchronously load lazily loaded font '../../../Engine/Content/Slate/Fonts/Roboto-Light.ttf' (159K)
[2017.06.15-14.59.19:176][  3]LogAssetRegistry: Asset discovery search completed in 38.2376 seconds
[2017.06.15-14.59.19:181][  3]LogCollectionManager: Rebuilt the object cache for 0 collections in 0.000003 seconds (found 0 objects)
[2017.06.15-14.59.19:181][  3]LogCollectionManager: Fixed up redirectors for 0 collections in 0.000078 seconds (updated 0 objects)
[2017.06.15-15.07.40:351][406]LogSlate: Took 0.016015 seconds to synchronously load lazily loaded font '../../../Engine/Content/Editor/Slate/Fonts/Roboto-Italic.ttf' (157K)
[2017.06.15-15.08.15:475][271]LogEditorViewport: Clicking on Actor (LMB): StaticMeshActor (iland_base3)
[2017.06.15-15.08.16:696][333]LogEditorViewport: Clicking on Actor (context menu): StaticMeshActor (iland_beach3)
[2017.06.15-15.08.17:680][401]LogEditorViewport: Clicking on Actor (LMB): StaticMeshActor (landing_low_poly)
[2017.06.15-15.08.20:661][586]LogEditorViewport: Clicking on Actor (LMB): StaticMeshActor (iland_beach3)
[2017.06.15-15.08.32:680][564]LogEditorViewport: Clicking on Actor (LMB): StaticMeshActor (iland_beach3)
[2017.06.15-15.08.50:535][  9]LogEditorViewport: Clicking on Actor (context menu): StaticMeshActor (rowing_boat_robe3)
[2017.06.15-15.08.53:203][215]LogEditorViewport: Clicking on Actor (LMB): StaticMeshActor (rowing_boat_robe3)
[2017.06.15-15.08.53:832][259]Cmd: DELETE
[2017.06.15-15.08.53:833][259]Cmd: ACTOR DELETE
[2017.06.15-15.08.53:834][259]LogEditorActor: Deleted Actor: StaticMeshActor
[2017.06.15-15.08.53:849][259]LogEditorActor: Deleted 1 Actors (0.016 secs)
[2017.06.15-15.09.49:968][672]LogEditorViewport: Clicking on Actor (context menu): StaticMeshActor (stone_small_stone_small)
[2017.06.15-15.09.52:146][833]LogEditorViewport: Clicking on Actor (LMB): StaticMeshActor (stone_medium_stone_medium)
[2017.06.15-15.10.06:013][961]LogEditorViewport: Clicking on Actor (context menu): StaticMeshActor (stone_large_stone_large)
[2017.06.15-15.10.07:106][ 40]LogEditorViewport: Clicking on Actor (LMB): StaticMeshActor (stone_large_stone_large)
[2017.06.15-15.10.17:475][845]LogEditorViewport: Clicking on Actor (LMB): StaticMeshActor (stone_large_stone_large)
[2017.06.15-15.10.19:333][996]LogEditorViewport: Clicking on Actor (context menu): StaticMeshActor (stone_large_stone_large)
[2017.06.15-15.10.20:708][102]LogEditorViewport: Clicking on Actor (LMB): StaticMeshActor (pillar_big_Cylinder2)
[2017.06.15-15.10.55:932][653]LogSlate: Took 0.000516 seconds to synchronously load lazily loaded font '../../../Engine/Content/Slate/Fonts/Roboto-Light.ttf' (159K)
[2017.06.15-15.11.04:932][680]LogSlate: Took 0.001031 seconds to synchronously load lazily loaded font '../../../Engine/Content/Slate/Fonts/Roboto-Light.ttf' (159K)
[2017.06.15-15.11.05:026][680]Cmd: OBJ SAVEPACKAGE PACKAGE="/Game/Maps/Island" FILE="C:/Users/Ptolemaios/Documents/GitHub/ZeldaRevolution/Saved/Autosaves/Game/Maps/Island_Auto1.umap" SILENT=true AUTOSAVING=true KEEPDIRTY=false
[2017.06.15-15.11.05:180][680]LogSavePackage: Save=146.95ms
[2017.06.15-15.11.05:180][680]LogSavePackage: Moving 'C:/Users/Ptolemaios/Documents/GitHub/ZeldaRevolution/Saved/Island_Auto17315A59D4F7BC8CA21E47F854AF87DFC.tmp' to 'C:/Users/Ptolemaios/Documents/GitHub/ZeldaRevolution/Saved/Autosaves/Game/Maps/Island_Auto1.umap'
[2017.06.15-15.11.05:183][680]LogSavePackage:Display: Finished SavePackage C:/Users/Ptolemaios/Documents/GitHub/ZeldaRevolution/Saved/Autosaves/Game/Maps/Island_Auto1.umap
[2017.06.15-15.11.05:185][680]LogFileHelpers: Editor autosave (incl. sublevels) for '/Game/Maps/Island' took 0.177
[2017.06.15-15.11.05:185][680]LogFileHelpers: Editor autosave (incl. sublevels) for all levels took 0.177
[2017.06.15-15.15.34:964][711]Cmd: OBJ SAVEPACKAGE PACKAGE="/Game/Maps/Island" FILE="C:/Users/Ptolemaios/Documents/GitHub/ZeldaRevolution/Content/Maps/Island.umap" SILENT=true AUTOSAVING=false KEEPDIRTY=false
[2017.06.15-15.15.35:120][711]LogSavePackage: Save=139.99ms
[2017.06.15-15.15.35:120][711]LogSavePackage: Moving 'C:/Users/Ptolemaios/Documents/GitHub/ZeldaRevolution/Saved/Island66601E374D94565EE8373AA89345210B.tmp' to 'C:/Users/Ptolemaios/Documents/GitHub/ZeldaRevolution/Content/Maps/Island.umap'
[2017.06.15-15.15.35:125][711]LogSavePackage:Display: Finished SavePackage C:/Users/Ptolemaios/Documents/GitHub/ZeldaRevolution/Content/Maps/Island.umap
[2017.06.15-15.15.35:181][711]LogFileHelpers: Saving map 'Island' took 0.316
[2017.06.15-15.15.35:453][712]Cmd: QUIT_EDITOR
[2017.06.15-15.15.35:535][712]LogWindowsTextInputMethodSystem:Display: IME system now deactivated.
[2017.06.15-15.15.35:590][712]LogExit: Preparing to exit.
[2017.06.15-15.15.36:934][712]LogExit: Editor shut down
[2017.06.15-15.15.36:946][712]LogExit: Transaction tracking system shut down
[2017.06.15-15.15.37:120][712]LogObj: Freed 0b from 0 cluster array pools.
[2017.06.15-15.15.37:120][712]LogExit: Object subsystem successfully closed.
[2017.06.15-15.15.37:139][712]LogD3D11RHI: Shutdown
[2017.06.15-15.15.37:139][712]LogD3D11RHI: CleanupD3DDevice
[2017.06.15-15.15.37:372][712]LogD3D11RHI: ~FD3D11DynamicRHI
[2017.06.15-15.15.37:436][712]LogModuleManager: Shutting down and abandoning module HierarchicalLODOutliner (524)
[2017.06.15-15.15.37:446][712]LogModuleManager: Shutting down and abandoning module CrashTracker (522)
[2017.06.15-15.15.37:446][712]LogModuleManager: Shutting down and abandoning module SceneOutliner (520)
[2017.06.15-15.15.37:446][712]LogModuleManager: Shutting down and abandoning module AddContentDialog (518)
[2017.06.15-15.15.37:446][712]LogDirectoryWatcher: A directory notification for 'G:/UE/UE_4.16/FeaturePacks/' was aborted.
[2017.06.15-15.15.37:450][712]LogModuleManager: Shutting down and abandoning module WidgetCarousel (517)
[2017.06.15-15.15.37:450][712]LogModuleManager: Shutting down and abandoning module EditorWidgets (514)
[2017.06.15-15.15.37:450][712]LogModuleManager: Shutting down and abandoning module CollectionManager (512)
[2017.06.15-15.15.37:450][712]LogDirectoryWatcher: A directory notification for 'C:/Users/Ptolemaios/Documents/GitHub/ZeldaRevolution/Content/Collections/' was aborted.
[2017.06.15-15.15.37:450][712]LogDirectoryWatcher: A directory notification for 'C:/Users/Ptolemaios/Documents/GitHub/ZeldaRevolution/Content/Developers/Ptolemaios/Collections/' was aborted.
[2017.06.15-15.15.37:450][712]LogDirectoryWatcher: A directory notification for 'C:/Users/Ptolemaios/Documents/GitHub/ZeldaRevolution/Saved/Collections/' was aborted.
[2017.06.15-15.15.37:451][712]LogModuleManager: Shutting down and abandoning module StatsViewer (510)
[2017.06.15-15.15.37:451][712]LogModuleManager: Shutting down and abandoning module FoliageEdit (508)
[2017.06.15-15.15.37:451][712]LogModuleManager: Shutting down and abandoning module LandscapeEditor (506)
[2017.06.15-15.15.37:452][712]LogModuleManager: Shutting down and abandoning module MeshPaintMode (504)
[2017.06.15-15.15.37:452][712]LogModuleManager: Shutting down and abandoning module SceneDepthPickerMode (502)
[2017.06.15-15.15.37:452][712]LogModuleManager: Shutting down and abandoning module ActorPickerMode (500)
[2017.06.15-15.15.37:452][712]LogModuleManager: Shutting down and abandoning module GeometryMode (498)
[2017.06.15-15.15.37:452][712]LogModuleManager: Shutting down and abandoning module TextureAlignMode (496)
[2017.06.15-15.15.37:452][712]LogModuleManager: Shutting down and abandoning module BspMode (494)
[2017.06.15-15.15.37:457][712]LogModuleManager: Shutting down and abandoning module HardwareSurvey (492)
[2017.06.15-15.15.37:465][712]LogModuleManager: Shutting down and abandoning module SequenceRecorderSections (490)
[2017.06.15-15.15.37:473][712]LogModuleManager: Shutting down and abandoning module AutomationWorker (488)
[2017.06.15-15.15.37:483][712]LogModuleManager: Shutting down and abandoning module MatineeToLevelSequence (486)
[2017.06.15-15.15.37:496][712]LogModuleManager: Shutting down and abandoning module LevelSequenceEditor (484)
[2017.06.15-15.15.37:525][712]LogModuleManager: Shutting down and abandoning module PlacementMode (483)
[2017.06.15-15.15.37:526][712]LogModuleManager: Shutting down and abandoning module WmfMediaFactory (480)
[2017.06.15-15.15.37:526][712]LogModuleManager: Shutting down and abandoning module WmfMediaEditor (478)
[2017.06.15-15.15.37:526][712]LogModuleManager: Shutting down and abandoning module AvfMediaFactory (476)
[2017.06.15-15.15.37:526][712]LogModuleManager: Shutting down and abandoning module AvfMediaEditor (474)
[2017.06.15-15.15.37:526][712]LogModuleManager: Shutting down and abandoning module AndroidMediaFactory (472)
[2017.06.15-15.15.37:526][712]LogModuleManager: Shutting down and abandoning module Media (471)
[2017.06.15-15.15.37:526][712]LogModuleManager: Shutting down and abandoning module AndroidMediaEditor (468)
[2017.06.15-15.15.37:526][712]LogModuleManager: Shutting down and abandoning module CharacterAI (466)
[2017.06.15-15.15.37:526][712]LogModuleManager: Shutting down and abandoning module AudioCapture (464)
[2017.06.15-15.15.37:539][712]LogModuleManager: Shutting down and abandoning module SequenceRecorder (463)
[2017.06.15-15.15.37:539][712]LogModuleManager: Shutting down and abandoning module SmartSnapping (460)
[2017.06.15-15.15.37:539][712]LogModuleManager: Shutting down and abandoning module SessionServices (458)
[2017.06.15-15.15.37:539][712]LogModuleManager: Shutting down and abandoning module ViewportSnapping (456)
[2017.06.15-15.15.37:539][712]LogModuleManager: Shutting down and abandoning module ViewportInteraction (454)
[2017.06.15-15.15.37:539][712]LogModuleManager: Shutting down and abandoning module ClothPainter (452)
[2017.06.15-15.15.37:554][712]LogModuleManager: Shutting down and abandoning module LogVisualizer (450)
[2017.06.15-15.15.37:568][712]LogModuleManager: Shutting down and abandoning module IntroTutorials (448)
[2017.06.15-15.15.37:568][712]LogModuleManager: Shutting down and abandoning module GameProjectGeneration (447)
[2017.06.15-15.15.37:568][712]LogModuleManager: Shutting down and abandoning module EditorLiveStreaming (444)
[2017.06.15-15.15.37:568][712]LogModuleManager: Shutting down and abandoning module IOSPlatformEditor (442)
[2017.06.15-15.15.37:581][712]LogModuleManager: Shutting down and abandoning module HTML5PlatformEditor (440)
[2017.06.15-15.15.37:581][712]LogModuleManager: Shutting down and abandoning module AndroidPlatformEditor (438)
[2017.06.15-15.15.37:581][712]LogModuleManager: Shutting down and abandoning module AndroidDeviceDetection (437)
[2017.06.15-15.15.38:574][712]LogModuleManager: Shutting down and abandoning module IOSRuntimeSettings (434)
[2017.06.15-15.15.38:574][712]LogModuleManager: Shutting down and abandoning module AndroidRuntimeSettings (432)
[2017.06.15-15.15.38:574][712]LogModuleManager: Shutting down and abandoning module InputBindingEditor (430)
[2017.06.15-15.15.38:575][712]LogModuleManager: Shutting down and abandoning module MergeActors (428)
[2017.06.15-15.15.38:575][712]LogModuleManager: Shutting down and abandoning module SizeMap (426)
[2017.06.15-15.15.38:575][712]LogModuleManager: Shutting down and abandoning module TreeMap (424)
[2017.06.15-15.15.38:575][712]LogModuleManager: Shutting down and abandoning module ReferenceViewer (422)
[2017.06.15-15.15.38:575][712]LogModuleManager: Shutting down and abandoning module LocalizationDashboard (420)
[2017.06.15-15.15.38:575][712]LogModuleManager: Shutting down and abandoning module LocalizationService (419)
[2017.06.15-15.15.38:575][712]LogModuleManager: Shutting down and abandoning module HardwareTargeting (416)
[2017.06.15-15.15.38:575][712]LogModuleManager: Shutting down and abandoning module DeviceProfileEditor (414)
[2017.06.15-15.15.38:575][712]LogModuleManager: Shutting down and abandoning module UndoHistory (412)
[2017.06.15-15.15.38:575][712]LogModuleManager: Shutting down and abandoning module UserFeedback (410)
[2017.06.15-15.15.38:576][712]LogModuleManager: Shutting down and abandoning module XmlParser (408)
[2017.06.15-15.15.38:576][712]LogModuleManager: Shutting down and abandoning module Blutility (406)
[2017.06.15-15.15.38:576][712]LogModuleManager: Shutting down and abandoning module ProjectSettingsViewer (404)
[2017.06.15-15.15.38:576][712]LogModuleManager: Shutting down and abandoning module ProjectTargetPlatformEditor (403)
[2017.06.15-15.15.38:576][712]LogModuleManager: Shutting down and abandoning module EditorSettingsViewer (400)
[2017.06.15-15.15.38:577][712]LogModuleManager: Shutting down and abandoning module SettingsEditor (398)
[2017.06.15-15.15.38:577][712]LogModuleManager: Shutting down and abandoning module ProjectLauncher (396)
[2017.06.15-15.15.38:577][712]LogModuleManager: Shutting down and abandoning module SessionFrontend (394)
[2017.06.15-15.15.38:577][712]LogModuleManager: Shutting down and abandoning module ProfilerClient (392)
[2017.06.15-15.15.38:577][712]LogModuleManager: Shutting down and abandoning module DeviceManager (390)
[2017.06.15-15.15.38:577][712]LogModuleManager: Shutting down and abandoning module TargetDeviceServices (389)
[2017.06.15-15.15.38:630][712]LogModuleManager: Shutting down and abandoning module AutomationController (386)
[2017.06.15-15.15.38:630][712]LogModuleManager: Shutting down and abandoning module AutomationWindow (384)
[2017.06.15-15.15.38:630][712]LogModuleManager: Shutting down and abandoning module Layers (382)
[2017.06.15-15.15.38:630][712]LogModuleManager: Shutting down and abandoning module ComponentVisualizers (380)
[2017.06.15-15.15.38:630][712]LogModuleManager: Shutting down and abandoning module DetailCustomizations (378)
[2017.06.15-15.15.38:630][712]LogModuleManager: Shutting down and abandoning module PackagesDialog (376)
[2017.06.15-15.15.38:631][712]LogModuleManager: Shutting down and abandoning module Persona (374)
[2017.06.15-15.15.38:631][712]LogModuleManager: Shutting down and abandoning module AdvancedPreviewScene (373)
[2017.06.15-15.15.38:631][712]LogModuleManager: Shutting down and abandoning module AnimGraph (371)
[2017.06.15-15.15.38:631][712]LogModuleManager: Shutting down and abandoning module Kismet (368)
[2017.06.15-15.15.38:631][712]LogModuleManager: Shutting down and abandoning module ClassViewer (366)
[2017.06.15-15.15.38:631][712]LogModuleManager: Shutting down and abandoning module Toolbox (364)
[2017.06.15-15.15.38:631][712]LogModuleManager: Shutting down and abandoning module ModuleUI (362)
[2017.06.15-15.15.38:632][712]LogModuleManager: Shutting down and abandoning module MovieSceneTools (360)
[2017.06.15-15.15.38:632][712]LogModuleManager: Shutting down and abandoning module OutputLog (358)
[2017.06.15-15.15.38:632][712]LogModuleManager: Shutting down and abandoning module GammaUI (356)
[2017.06.15-15.15.38:632][712]LogModuleManager: Shutting down and abandoning module Documentation (354)
[2017.06.15-15.15.38:632][712]LogModuleManager: Shutting down and abandoning module MovieSceneTracks (352)
[2017.06.15-15.15.38:632][712]LogModuleManager: Shutting down and abandoning module MovieScene (350)
[2017.06.15-15.15.38:632][712]LogModuleManager: Shutting down and abandoning module Niagara (348)
[2017.06.15-15.15.38:632][712]LogModuleManager: Shutting down and abandoning module NiagaraEditor (347)
[2017.06.15-15.15.38:632][712]LogModuleManager: Shutting down and abandoning module StreamingPauseRendering (344)
[2017.06.15-15.15.38:632][712]LogModuleManager: Shutting down and abandoning module AnalyticsET (342)
[2017.06.15-15.15.38:632][712]LogModuleManager: Shutting down and abandoning module PortalServices (340)
[2017.06.15-15.15.38:632][712]LogModuleManager: Shutting down and abandoning module PortalRpc (338)
[2017.06.15-15.15.38:632][712]LogModuleManager: Shutting down and abandoning module MessagingRpc (336)
[2017.06.15-15.15.38:632][712]LogModuleManager: Shutting down and abandoning module AIModule (334)
[2017.06.15-15.15.38:633][712]LogModuleManager: Shutting down and abandoning module GameplayDebugger (333)
[2017.06.15-15.15.38:633][712]LogModuleManager: Shutting down and abandoning module AITestSuite (331)
[2017.06.15-15.15.38:633][712]LogModuleManager: Shutting down and abandoning module ProfilerService (328)
[2017.06.15-15.15.38:797][712]LogModuleManager: Shutting down and abandoning module TaskGraph (326)
[2017.06.15-15.15.38:797][712]LogModuleManager: Shutting down and abandoning module SteamVRController (324)
[2017.06.15-15.15.38:797][712]LogModuleManager: Shutting down and abandoning module SteamVR (322)
[2017.06.15-15.15.38:797][712]LogModuleManager: Shutting down and abandoning module ProceduralMeshComponentEditor (320)
[2017.06.15-15.15.38:797][712]LogModuleManager: Shutting down and abandoning module ProceduralMeshComponent (318)
[2017.06.15-15.15.38:797][712]LogModuleManager: Shutting down and abandoning module OculusLibrary (316)
[2017.06.15-15.15.38:797][712]LogModuleManager: Shutting down and abandoning module OculusInput (314)
[2017.06.15-15.15.38:797][712]LogModuleManager: Shutting down and abandoning module MobilePatchingUtils (312)
[2017.06.15-15.15.38:797][712]LogModuleManager: Shutting down and abandoning module CustomMeshComponent (310)
[2017.06.15-15.15.38:797][712]LogModuleManager: Shutting down and abandoning module CableComponent (308)
[2017.06.15-15.15.38:797][712]LogModuleManager: Shutting down and abandoning module ArchVisCharacter (306)
[2017.06.15-15.15.38:798][712]LogModuleManager: Shutting down and abandoning module AndroidPermission (304)
[2017.06.15-15.15.38:798][712]LogModuleManager: Shutting down and abandoning module MediaPlayerEditor (300)
[2017.06.15-15.15.38:798][712]LogModuleManager: Shutting down and abandoning module HTML5Networking (298)
[2017.06.15-15.15.38:798][712]LogModuleManager: Shutting down and abandoning module AlembicImporter (296)
[2017.06.15-15.15.38:798][712]LogModuleManager: Shutting down and abandoning module AlembicLibrary (295)
[2017.06.15-15.15.38:798][712]LogModuleManager: Shutting down and abandoning module GeometryCache (294)
[2017.06.15-15.15.38:798][712]LogModuleManager: Shutting down and abandoning module GeometryCacheEd (293)
[2017.06.15-15.15.38:798][712]LogModuleManager: Shutting down and abandoning module SuperSearchEditor (288)
[2017.06.15-15.15.38:798][712]LogModuleManager: Shutting down and abandoning module SuperSearch (287)
[2017.06.15-15.15.38:798][712]LogModuleManager: Shutting down and abandoning module SpeedTreeImporter (284)
[2017.06.15-15.15.38:798][712]LogModuleManager: Shutting down and abandoning module PluginBrowser (282)
[2017.06.15-15.15.38:798][712]LogModuleManager: Shutting down and abandoning module MobileLauncherProfileWizard (280)
[2017.06.15-15.15.38:798][712]LogModuleManager: Shutting down and abandoning module VisualStudioSourceCodeAccess (278)
[2017.06.15-15.15.38:799][712]LogModuleManager: Shutting down and abandoning module DesktopPlatform (277)
[2017.06.15-15.15.38:799][712]LogModuleManager: Shutting down and abandoning module UObjectPlugin (274)
[2017.06.15-15.15.38:799][712]LogModuleManager: Shutting down and abandoning module SubversionSourceControl (272)
[2017.06.15-15.15.38:799][712]LogModuleManager: Shutting down and abandoning module PerforceSourceControl (270)
[2017.06.15-15.15.38:799][712]LogModuleManager: Shutting down and abandoning module GitSourceControl (268)
[2017.06.15-15.15.38:799][712]LogModuleManager: Shutting down and abandoning module SourceControl (267)
[2017.06.15-15.15.38:799][712]LogModuleManager: Shutting down and abandoning module LightPropagationVolumeEditor (264)
[2017.06.15-15.15.38:799][712]LogModuleManager: Shutting down and abandoning module PaperTiledImporter (262)
[2017.06.15-15.15.38:799][712]LogModuleManager: Shutting down and abandoning module PaperSpriteSheetImporter (260)
[2017.06.15-15.15.38:799][712]LogModuleManager: Shutting down and abandoning module Paper2DEditor (258)
[2017.06.15-15.15.38:799][712]LogModuleManager: Shutting down and abandoning module MeshPaint (257)
[2017.06.15-15.15.38:799][712]LogModuleManager: Shutting down and abandoning module LevelEditor (255)
[2017.06.15-15.15.38:803][712]LogModuleManager: Shutting down and abandoning module PixelInspectorModule (254)
[2017.06.15-15.15.38:803][712]LogModuleManager: Shutting down and abandoning module MainFrame (252)
[2017.06.15-15.15.38:804][712]LogModuleManager: Shutting down and abandoning module HotReload (251)
[2017.06.15-15.15.38:806][712]LogModuleManager: Shutting down and abandoning module PhysXVehiclesEditor (246)
[2017.06.15-15.15.38:806][712]LogModuleManager: Shutting down and abandoning module PhysXVehicles (244)
[2017.06.15-15.15.38:806][712]LogModuleManager: Shutting down and abandoning module LocationServicesBPLibrary (242)
[2017.06.15-15.15.38:806][712]LogModuleManager: Shutting down and abandoning module ImmediatePhysicsEditor (240)
[2017.06.15-15.15.38:806][712]LogModuleManager: Shutting down and abandoning module ImmediatePhysics (238)
[2017.06.15-15.15.38:806][712]LogModuleManager: Shutting down and abandoning module UdpMessaging (236)
[2017.06.15-15.15.38:907][712]LogModuleManager: Shutting down and abandoning module TcpMessaging (234)
[2017.06.15-15.15.39:008][712]LogModuleManager: Shutting down and abandoning module GameplayTagsEditor (232)
[2017.06.15-15.15.39:008][712]LogModuleManager: Shutting down and abandoning module FacialAnimationEditor (230)
[2017.06.15-15.15.39:008][712]LogModuleManager: Shutting down and abandoning module FacialAnimation (228)
[2017.06.15-15.15.39:008][712]LogModuleManager: Shutting down and abandoning module AssetManagerEditor (226)
[2017.06.15-15.15.39:008][712]LogModuleManager: Shutting down and abandoning module GraphEditor (225)
[2017.06.15-15.15.39:009][712]LogModuleManager: Shutting down and abandoning module ContentBrowser (223)
[2017.06.15-15.15.39:013][712]LogModuleManager: Shutting down and abandoning module LightPropagationVolumeRuntime (220)
[2017.06.15-15.15.39:013][712]LogModuleManager: Shutting down and abandoning module Paper2D (218)
[2017.06.15-15.15.39:014][712]LogModuleManager: Shutting down and abandoning module WindowsMoviePlayer (216)
[2017.06.15-15.15.39:014][712]LogModuleManager: Shutting down and abandoning module WmfMedia (214)
[2017.06.15-15.15.39:014][712]LogModuleManager: Shutting down and abandoning module ClothingSystemEditor (212)
[2017.06.15-15.15.39:014][712]LogModuleManager: Shutting down and abandoning module ClothingSystemRuntime (210)
[2017.06.15-15.15.39:014][712]LogModuleManager: Shutting down and abandoning module MediaAssets (208)
[2017.06.15-15.15.39:014][712]LogModuleManager: Shutting down and abandoning module GameLiveStreaming (206)
[2017.06.15-15.15.39:015][712]LogModuleManager: Shutting down and abandoning module VREditor (204)
[2017.06.15-15.15.39:015][712]LogModuleManager: Shutting down and abandoning module StringTableEditor (202)
[2017.06.15-15.15.39:015][712]LogModuleManager: Shutting down and abandoning module GameplayTasksEditor (200)
[2017.06.15-15.15.39:015][712]LogModuleManager: Shutting down and abandoning module BehaviorTreeEditor (198)
[2017.06.15-15.15.39:015][712]LogModuleManager: Shutting down and abandoning module FunctionalTesting (196)
[2017.06.15-15.15.39:015][712]LogModuleManager: Shutting down and abandoning module CollisionAnalyzer (194)
[2017.06.15-15.15.39:015][712]LogModuleManager: Shutting down and abandoning module UMG (192)
[2017.06.15-15.15.39:016][712]LogModuleManager: Shutting down and abandoning module UMGEditor (191)
[2017.06.15-15.15.39:016][712]LogModuleManager: Shutting down and abandoning module Sequencer (190)
[2017.06.15-15.15.39:016][712]LogModuleManager: Shutting down and abandoning module AssetTools (188)
[2017.06.15-15.15.39:016][712]LogModuleManager: Shutting down and abandoning module MessageLog (187)
[2017.06.15-15.15.39:016][712]LogModuleManager: Shutting down and abandoning module WorkspaceMenuStructure (186)
[2017.06.15-15.15.39:016][712]LogModuleManager: Shutting down and abandoning module SlateReflector (180)
[2017.06.15-15.15.39:016][712]LogModuleManager: Shutting down and abandoning module Slate (178)
[2017.06.15-15.15.39:016][712]LogModuleManager: Shutting down and abandoning module EditorStyle (176)
[2017.06.15-15.15.39:027][712]LogModuleManager: Shutting down and abandoning module SourceCodeAccess (174)
[2017.06.15-15.15.39:027][712]LogModuleManager: Shutting down and abandoning module HeadMountedDisplay (172)
[2017.06.15-15.15.39:027][712]LogModuleManager: Shutting down and abandoning module XAudio2 (170)
[2017.06.15-15.15.39:028][712]LogModuleManager: Shutting down and abandoning module Networking (168)
[2017.06.15-15.15.39:028][712]LogModuleManager: Shutting down and abandoning module Core (164)
[2017.06.15-15.15.39:028][712]LogModuleManager: Shutting down and abandoning module AssetRegistry (162)
[2017.06.15-15.15.39:237][712]LogDirectoryWatcher: A directory notification for '../../../Engine/Content/' was aborted.
[2017.06.15-15.15.39:237][712]LogDirectoryWatcher: A directory notification for 'C:/Users/Ptolemaios/Documents/GitHub/ZeldaRevolution/Content/' was aborted.
[2017.06.15-15.15.39:237][712]LogDirectoryWatcher: A directory notification for '../../../Engine/Plugins/2D/Paper2D/Content/' was aborted.
[2017.06.15-15.15.39:237][712]LogDirectoryWatcher: A directory notification for '../../../Engine/Plugins/Runtime/GearVR/Content/' was aborted.
[2017.06.15-15.15.39:250][712]LogModuleManager: Shutting down and abandoning module DirectoryWatcher (161)
[2017.06.15-15.15.39:251][712]LogModuleManager: Shutting down and abandoning module KismetCompiler (158)
[2017.06.15-15.15.39:251][712]LogModuleManager: Shutting down and abandoning module LevelSequence (156)
[2017.06.15-15.15.39:251][712]LogModuleManager: Shutting down and abandoning module PhysXFormats (154)
[2017.06.15-15.15.39:251][712]LogModuleManager: Shutting down and abandoning module MeshUtilities (152)
[2017.06.15-15.15.39:251][712]LogModuleManager: Shutting down and abandoning module SimplygonSwarm (151)
[2017.06.15-15.15.39:251][712]LogModuleManager: Shutting down and abandoning module SimplygonMeshReduction (149)
[2017.06.15-15.15.39:251][712]LogModuleManager: Shutting down and abandoning module QuadricMeshReduction (147)
[2017.06.15-15.15.39:251][712]LogModuleManager: Shutting down and abandoning module DerivedDataCache (144)
[2017.06.15-15.15.39:259][712]LogDerivedDataCache: Shutdown
[2017.06.15-15.15.39:259][712]LogModuleManager: Shutting down and abandoning module TargetPlatform (142)
[2017.06.15-15.15.39:259][712]LogModuleManager: Shutting down and abandoning module VulkanShaderFormat (141)
[2017.06.15-15.15.39:259][712]LogModuleManager: Shutting down and abandoning module ShaderFormatVectorVM (139)
[2017.06.15-15.15.39:259][712]LogModuleManager: Shutting down and abandoning module ShaderFormatOpenGL (137)
[2017.06.15-15.15.39:259][712]LogModuleManager: Shutting down and abandoning module ShaderFormatD3D (135)
[2017.06.15-15.15.39:259][712]LogModuleManager: Shutting down and abandoning module MetalShaderFormat (133)
[2017.06.15-15.15.39:259][712]LogModuleManager: Shutting down and abandoning module TextureFormatUncompressed (131)
[2017.06.15-15.15.39:259][712]LogModuleManager: Shutting down and abandoning module TextureFormatPVR (129)
[2017.06.15-15.15.39:259][712]LogModuleManager: Shutting down and abandoning module TextureFormatDXT (127)
[2017.06.15-15.15.39:259][712]LogModuleManager: Shutting down and abandoning module TextureFormatIntelISPCTexComp (125)
[2017.06.15-15.15.39:259][712]LogModuleManager: Shutting down and abandoning module TextureFormatASTC (123)
[2017.06.15-15.15.39:259][712]LogModuleManager: Shutting down and abandoning module ImageWrapper (122)
[2017.06.15-15.15.39:259][712]LogModuleManager: Shutting down and abandoning module TextureFormatAndroid (119)
[2017.06.15-15.15.39:259][712]LogModuleManager: Shutting down and abandoning module AudioFormatOpus (117)
[2017.06.15-15.15.39:259][712]LogModuleManager: Shutting down and abandoning module AudioFormatOgg (115)
[2017.06.15-15.15.39:259][712]LogModuleManager: Shutting down and abandoning module AudioFormatADPCM (113)
[2017.06.15-15.15.39:259][712]LogModuleManager: Shutting down and abandoning module LinuxTargetPlatform (111)
[2017.06.15-15.15.39:259][712]LogModuleManager: Shutting down and abandoning module LinuxServerTargetPlatform (109)
[2017.06.15-15.15.39:259][712]LogModuleManager: Shutting down and abandoning module LinuxNoEditorTargetPlatform (107)
[2017.06.15-15.15.39:259][712]LogModuleManager: Shutting down and abandoning module LinuxClientTargetPlatform (105)
[2017.06.15-15.15.39:259][712]LogModuleManager: Shutting down and abandoning module TVOSTargetPlatform (103)
[2017.06.15-15.15.39:259][712]LogModuleManager: Shutting down and abandoning module Messaging (101)
[2017.06.15-15.15.39:259][712]LogModuleManager: Shutting down and abandoning module IOSTargetPlatform (99)
[2017.06.15-15.15.39:259][712]LogModuleManager: Shutting down and abandoning module HTML5TargetPlatform (97)
[2017.06.15-15.15.39:259][712]LogModuleManager: Shutting down and abandoning module Android_PVRTCTargetPlatform (95)
[2017.06.15-15.15.39:259][712]LogModuleManager: Shutting down and abandoning module Android_MultiTargetPlatform (93)
[2017.06.15-15.15.39:259][712]LogModuleManager: Shutting down and abandoning module Android_ETC2TargetPlatform (91)
[2017.06.15-15.15.39:259][712]LogModuleManager: Shutting down and abandoning module Android_ETC1TargetPlatform (89)
[2017.06.15-15.15.39:259][712]LogModuleManager: Shutting down and abandoning module Android_DXTTargetPlatform (87)
[2017.06.15-15.15.39:260][712]LogModuleManager: Shutting down and abandoning module Android_ATCTargetPlatform (85)
[2017.06.15-15.15.39:260][712]LogModuleManager: Shutting down and abandoning module Android_ASTCTargetPlatform (83)
[2017.06.15-15.15.39:260][712]LogModuleManager: Shutting down and abandoning module AndroidTargetPlatform (81)
[2017.06.15-15.15.39:260][712]LogModuleManager: Shutting down and abandoning module WindowsTargetPlatform (79)
[2017.06.15-15.15.39:260][712]LogModuleManager: Shutting down and abandoning module WindowsServerTargetPlatform (77)
[2017.06.15-15.15.39:260][712]LogModuleManager: Shutting down and abandoning module WindowsNoEditorTargetPlatform (75)
[2017.06.15-15.15.39:260][712]LogModuleManager: Shutting down and abandoning module WindowsClientTargetPlatform (73)
[2017.06.15-15.15.39:260][712]LogModuleManager: Shutting down and abandoning module MacTargetPlatform (71)
[2017.06.15-15.15.39:260][712]LogModuleManager: Shutting down and abandoning module MacServerTargetPlatform (69)
[2017.06.15-15.15.39:260][712]LogModuleManager: Shutting down and abandoning module MacNoEditorTargetPlatform (67)
[2017.06.15-15.15.39:260][712]LogModuleManager: Shutting down and abandoning module MacClientTargetPlatform (65)
[2017.06.15-15.15.39:260][712]LogModuleManager: Shutting down and abandoning module AllDesktopTargetPlatform (63)
[2017.06.15-15.15.39:260][712]LogModuleManager: Shutting down and abandoning module InputCore (60)
[2017.06.15-15.15.39:260][712]LogModuleManager: Shutting down and abandoning module Settings (58)
[2017.06.15-15.15.39:260][712]LogModuleManager: Shutting down and abandoning module OculusRift (56)
[2017.06.15-15.15.39:260][712]LogModuleManager: Shutting down and abandoning module GearVRController (54)
[2017.06.15-15.15.39:260][712]LogModuleManager: Shutting down and abandoning module GearVR (52)
[2017.06.15-15.15.39:260][712]LogModuleManager: Shutting down and abandoning module ExampleDeviceProfileSelector (50)
[2017.06.15-15.15.39:260][712]LogModuleManager: Shutting down and abandoning module OnlineBlueprintSupport (48)
[2017.06.15-15.15.39:260][712]LogModuleManager: Shutting down and abandoning module OnlineSubsystem (44)
[2017.06.15-15.15.39:260][712]LogOnline:Display: Unloading online subsystem: NULL
[2017.06.15-15.15.39:260][712]LogModuleManager: Shutting down and abandoning module XMPP (43)
[2017.06.15-15.15.39:260][712]LogModuleManager: Shutting down and abandoning module HTTP (41)
[2017.06.15-15.15.39:260][712]LogHttp:Display: Http module shutting down, but needs to wait on 1 outstanding Http requests:
[2017.06.15-15.15.39:260][712]LogHttp:Display: 	verb=[POST] url=[https://datarouter.ol.epicgames.com/datarouter/api/v1/public/data?SessionID=%7BB13EC5DD-4FFD-A3BE-1B11-F499367EED07%7D&AppID=UEEditor.Rocket.Release&AppVersion=4.16.1-3466753%2B%2B%2BUE4%2BRelease-4.16&UserID=446581a34746f242f9977189a10e4a46%7C65757a3fe7a0455db2d606ca4f6c577a%7C7526cbd7-733a-45c9-8033-7e1b3d427c03&AppEnvironment=datacollector-binary&UploadType=eteventstream] status=Processing
[2017.06.15-15.15.39:271][712]LogModuleManager: Shutting down and abandoning module SSL (40)
[2017.06.15-15.15.39:273][712]LogModuleManager: Shutting down and abandoning module HTTPChunkInstaller (36)
[2017.06.15-15.15.39:273][712]LogModuleManager: Shutting down and abandoning module AnimationModifiers (34)
[2017.06.15-15.15.39:273][712]LogModuleManager: Shutting down and abandoning module PropertyEditor (33)
[2017.06.15-15.15.39:273][712]LogModuleManager: Shutting down and abandoning module AudioEditor (30)
[2017.06.15-15.15.39:273][712]LogModuleManager: Shutting down and abandoning module TextureCompressor (28)
[2017.06.15-15.15.39:273][712]LogModuleManager: Shutting down and abandoning module ShaderCore (26)
[2017.06.15-15.15.39:273][712]LogModuleManager: Shutting down and abandoning module Landscape (24)
[2017.06.15-15.15.39:273][712]LogModuleManager: Shutting down and abandoning module SlateRHIRenderer (22)
[2017.06.15-15.15.39:276][712]LogModuleManager: Shutting down and abandoning module OpenGLDrv (20)
[2017.06.15-15.15.39:276][712]LogModuleManager: Shutting down and abandoning module D3D11RHI (18)
[2017.06.15-15.15.39:276][712]LogModuleManager: Shutting down and abandoning module AnimGraphRuntime (16)
[2017.06.15-15.15.39:276][712]LogModuleManager: Shutting down and abandoning module Renderer (14)
[2017.06.15-15.15.39:276][712]LogModuleManager: Shutting down and abandoning module Engine (12)
[2017.06.15-15.15.39:276][712]LogModuleManager: Shutting down and abandoning module CoreUObject (10)
[2017.06.15-15.15.39:276][712]LogModuleManager: Shutting down and abandoning module NetworkFile (8)
[2017.06.15-15.15.39:276][712]LogModuleManager: Shutting down and abandoning module StreamingFile (6)
[2017.06.15-15.15.39:276][712]LogModuleManager: Shutting down and abandoning module SandboxFile (4)
[2017.06.15-15.15.39:276][712]LogModuleManager: Shutting down and abandoning module PakFile (2)
[2017.06.15-15.15.39:280][712]LogExit: Exiting.
[2017.06.15-15.15.39:293][712]Log file closed, 06/15/17 17:15:39
